#
# There is insufficient memory for the Java Runtime Environment to continue.
# Native memory allocation (mmap) failed to map 134217728 bytes for Failed to commit area from 0x0000000081800000 to 0x0000000089800000 of length 134217728.
# Possible reasons:
#   The system is out of physical RAM or swap space
#   The process is running with CompressedOops enabled, and the Java Heap may be blocking the growth of the native heap
# Possible solutions:
#   Reduce memory load on the system
#   Increase physical memory or swap space
#   Check if swap backing store is full
#   Decrease Java heap size (-Xmx/-Xms)
#   Decrease number of Java threads
#   Decrease Java thread stack sizes (-Xss)
#   Set larger code cache with -XX:ReservedCodeCacheSize=
# This output file may be truncated or incomplete.
#
#  Out of Memory Error (./src/hotspot/os/windows/os_windows.cpp:3303), pid=19596, tid=20312
#
# JRE version:  (11.0.7+10) (build )
# Java VM: OpenJDK 64-Bit Server VM (11.0.7+10-b765.65, mixed mode, sharing, tiered, compressed oops, g1 gc, windows-amd64)
# No core dump will be written. Minidumps are not enabled by default on client versions of Windows
#

---------------  S U M M A R Y ------------

Command Line: org.jetbrains.git4idea.http.GitAskPassApp Password for 'https://murdoch_k@bitbucket.org': 

Host: Intel(R) Core(TM) i5-3340M CPU @ 2.70GHz, 4 cores, 7G,  Windows 10 , 64 bit Build 19041 (10.0.19041.1202)
Time: Wed Nov 10 18:21:25 2021 W. Central Africa Standard Time elapsed time: 0 seconds (0d 0h 0m 0s)

---------------  T H R E A D  ---------------

Current thread (0x000001dfb07ee000):  JavaThread "Unknown thread" [_thread_in_vm, id=20312, stack(0x0000003726600000,0x0000003726700000)]

Stack: [0x0000003726600000,0x0000003726700000]
Native frames: (J=compiled Java code, j=interpreted, Vv=VM code, C=native code)
V  [jvm.dll+0x5ddcca]
V  [jvm.dll+0x7115d5]
V  [jvm.dll+0x712b2d]
V  [jvm.dll+0x7131e3]
V  [jvm.dll+0x23e3a8]
V  [jvm.dll+0x5db184]
V  [jvm.dll+0x5d0305]
V  [jvm.dll+0x2fb2ab]
V  [jvm.dll+0x2fb21a]
V  [jvm.dll+0x2fb0f2]
V  [jvm.dll+0x2fffd6]
V  [jvm.dll+0x3485d3]
V  [jvm.dll+0x348cd6]
V  [jvm.dll+0x3486d3]
V  [jvm.dll+0x2d5b38]
V  [jvm.dll+0x2d6cd7]
V  [jvm.dll+0x6f05d7]
V  [jvm.dll+0x6f1dcc]
V  [jvm.dll+0x355b89]
V  [jvm.dll+0x6d43ae]
V  [jvm.dll+0x3bdc13]
V  [jvm.dll+0x3bfe61]
C  [jli.dll+0x5363]
C  [ucrtbase.dll+0x21bb2]
C  [KERNEL32.DLL+0x17034]
C  [ntdll.dll+0x52651]


---------------  P R O C E S S  ---------------

Threads class SMR info:
_java_thread_list=0x000001dfb0620770, length=0, elements={
}

Java Threads: ( => current thread )

Other Threads:
  0x000001dfb0806800 GCTaskThread "GC Thread#0" [stack: 0x0000003726700000,0x0000003726800000] [id=19564]
  0x000001dfb0836000 ConcurrentGCThread "G1 Main Marker" [stack: 0x0000003726800000,0x0000003726900000] [id=20488]
  0x000001dfb0837800 ConcurrentGCThread "G1 Conc#0" [stack: 0x0000003726900000,0x0000003726a00000] [id=22584]

[error occurred during error reporting (printing all threads), id 0xc0000005, EXCEPTION_ACCESS_VIOLATION (0xc0000005) at pc=0x00007ffb480861a7]

VM state:not at safepoint (not fully initialized)

VM Mutex/Monitor currently owned by a thread:  ([mutex/lock_event])
[0x000001dfb07e8d00] Heap_lock - owner thread: 0x000001dfb07ee000

Heap address: 0x0000000081800000, size: 2024 MB, Compressed Oops mode: Non-zero based: 0x0000000081800000
Narrow klass base: 0x0000000000000000, Narrow klass shift: 0

GC Heap History (0 events):
No events

Deoptimization events (0 events):
No events

Classes redefined (0 events):
No events

Internal exceptions (0 events):
No events

Events (2 events):
Event: 0.506 Loaded shared library C:\Users\USER\Documents\IntelliJ IDEA 20.20.1.2\jbr\bin\zip.dll
Event: 0.531 Loaded shared library C:\Users\USER\Documents\IntelliJ IDEA 20.20.1.2\jbr\bin\jimage.dll


Dynamic libraries:
0x00007ff783210000 - 0x00007ff78321a000 	C:\Users\USER\Documents\IntelliJ IDEA 20.20.1.2\jbr\bin\java.exe
0x00007ffbaee90000 - 0x00007ffbaf085000 	C:\WINDOWS\SYSTEM32\ntdll.dll
0x00007ffbaeae0000 - 0x00007ffbaeb9e000 	C:\WINDOWS\System32\KERNEL32.DLL
0x00007ffbac6e0000 - 0x00007ffbac9a9000 	C:\WINDOWS\System32\KERNELBASE.dll
0x00007ffbacdb0000 - 0x00007ffbaceb0000 	C:\WINDOWS\System32\ucrtbase.dll
0x00007ffba8240000 - 0x00007ffba8259000 	C:\Users\USER\Documents\IntelliJ IDEA 20.20.1.2\jbr\bin\jli.dll
0x00007ffbad620000 - 0x00007ffbad7c1000 	C:\WINDOWS\System32\USER32.dll
0x00007ffbaceb0000 - 0x00007ffbaced2000 	C:\WINDOWS\System32\win32u.dll
0x00007ffbaebb0000 - 0x00007ffbaebdb000 	C:\WINDOWS\System32\GDI32.dll
0x00007ffbacca0000 - 0x00007ffbacdab000 	C:\WINDOWS\System32\gdi32full.dll
0x00007ffbac9b0000 - 0x00007ffbaca4d000 	C:\WINDOWS\System32\msvcp_win.dll
0x00007ffb90980000 - 0x00007ffb90997000 	C:\Users\USER\Documents\IntelliJ IDEA 20.20.1.2\jbr\bin\VCRUNTIME140.dll
0x00007ffb9b4e0000 - 0x00007ffb9b77a000 	C:\WINDOWS\WinSxS\amd64_microsoft.windows.common-controls_6595b64144ccf1df_6.0.19041.1110_none_60b5254171f9507e\COMCTL32.dll
0x00007ffbae7b0000 - 0x00007ffbae84e000 	C:\WINDOWS\System32\msvcrt.dll
0x00007ffbaec60000 - 0x00007ffbaec90000 	C:\WINDOWS\System32\IMM32.DLL
0x00007ffb80e30000 - 0x00007ffb80ecd000 	C:\Users\USER\Documents\IntelliJ IDEA 20.20.1.2\jbr\bin\msvcp140.dll
0x00007ffb47da0000 - 0x00007ffb4885b000 	C:\Users\USER\Documents\IntelliJ IDEA 20.20.1.2\jbr\bin\server\jvm.dll
0x00007ffbaec90000 - 0x00007ffbaed3c000 	C:\WINDOWS\System32\ADVAPI32.dll
0x00007ffbaea40000 - 0x00007ffbaeadb000 	C:\WINDOWS\System32\sechost.dll
0x00007ffbadc10000 - 0x00007ffbadd3a000 	C:\WINDOWS\System32\RPCRT4.dll
0x00007ffbaeba0000 - 0x00007ffbaeba8000 	C:\WINDOWS\System32\PSAPI.DLL
0x00007ffba8200000 - 0x00007ffba8209000 	C:\WINDOWS\SYSTEM32\WSOCK32.dll
0x00007ffbae440000 - 0x00007ffbae4ab000 	C:\WINDOWS\System32\WS2_32.dll
0x00007ffb9eb90000 - 0x00007ffb9eb9a000 	C:\WINDOWS\SYSTEM32\VERSION.dll
0x00007ffba1680000 - 0x00007ffba16a7000 	C:\WINDOWS\SYSTEM32\WINMM.dll
0x00007ffbaa3d0000 - 0x00007ffbaa3e2000 	C:\WINDOWS\SYSTEM32\kernel.appcore.dll
0x00007ffba7620000 - 0x00007ffba7631000 	C:\Users\USER\Documents\IntelliJ IDEA 20.20.1.2\jbr\bin\verify.dll
0x00007ffb9bdf0000 - 0x00007ffb9bfd4000 	C:\WINDOWS\SYSTEM32\DBGHELP.DLL
0x00007ffb9c050000 - 0x00007ffb9c07c000 	C:\WINDOWS\SYSTEM32\dbgcore.DLL
0x00007ffbaca50000 - 0x00007ffbacad3000 	C:\WINDOWS\System32\bcryptPrimitives.dll
0x00007ffb9ae40000 - 0x00007ffb9ae69000 	C:\Users\USER\Documents\IntelliJ IDEA 20.20.1.2\jbr\bin\java.dll
0x00007ffb9f400000 - 0x00007ffb9f418000 	C:\Users\USER\Documents\IntelliJ IDEA 20.20.1.2\jbr\bin\zip.dll
0x00007ffba60b0000 - 0x00007ffba60bb000 	C:\Users\USER\Documents\IntelliJ IDEA 20.20.1.2\jbr\bin\jimage.dll

dbghelp: loaded successfully - version: 4.0.5 - missing functions: none
symbol engine: initialized successfully - sym options: 0x614 - pdb path: .;C:\Users\USER\Documents\IntelliJ IDEA 20.20.1.2\jbr\bin;C:\WINDOWS\SYSTEM32;C:\WINDOWS\WinSxS\amd64_microsoft.windows.common-controls_6595b64144ccf1df_6.0.19041.1110_none_60b5254171f9507e;C:\Users\USER\Documents\IntelliJ IDEA 20.20.1.2\jbr\bin\server

VM Arguments:
java_command: org.jetbrains.git4idea.http.GitAskPassApp Password for 'https://murdoch_k@bitbucket.org': 
java_class_path (initial): C:/Users/USER/Documents/IntelliJ IDEA 20.20.1.2/plugins/git4idea/lib/git4idea-rt.jar;C:/Users/USER/Documents/IntelliJ IDEA 20.20.1.2/lib/xmlrpc-2.0.1.jar;C:/Users/USER/Documents/IntelliJ IDEA 20.20.1.2/lib/commons-codec-1.14.jar;C:/Users/USER/Documents/IntelliJ IDEA 20.20.1.2/lib/util.jar
Launcher Type: SUN_STANDARD

[Global flags]
     intx CICompilerCount                          = 3                                         {product} {ergonomic}
     uint ConcGCThreads                            = 1                                         {product} {ergonomic}
     uint G1ConcRefinementThreads                  = 4                                         {product} {ergonomic}
   size_t G1HeapRegionSize                         = 1048576                                   {product} {ergonomic}
    uintx GCDrainStackTargetSize                   = 64                                        {product} {ergonomic}
   size_t InitialHeapSize                          = 134217728                                 {product} {ergonomic}
   size_t MarkStackSize                            = 4194304                                   {product} {ergonomic}
   size_t MaxHeapSize                              = 2122317824                                {product} {ergonomic}
   size_t MinHeapDeltaBytes                        = 1048576                                   {product} {ergonomic}
    uintx NonNMethodCodeHeapSize                   = 5830732                                {pd product} {ergonomic}
    uintx NonProfiledCodeHeapSize                  = 122913754                              {pd product} {ergonomic}
    uintx ProfiledCodeHeapSize                     = 122913754                              {pd product} {ergonomic}
    uintx ReservedCodeCacheSize                    = 251658240                              {pd product} {ergonomic}
     bool SegmentedCodeCache                       = true                                      {product} {ergonomic}
     bool UseCompressedClassPointers               = true                                 {lp64_product} {ergonomic}
     bool UseCompressedOops                        = true                                 {lp64_product} {ergonomic}
     bool UseG1GC                                  = true                                      {product} {ergonomic}
     bool UseLargePagesIndividualAllocation        = false                                  {pd product} {ergonomic}

Logging:
Log output configuration:
 #0: stdout all=warning uptime,level,tags
 #1: stderr all=off uptime,level,tags

Environment Variables:
JAVA_HOME=C:\Users\USER\AppData\Local\jdk-11.0.2
PATH=C:/Program Files/Git/mingw64/libexec/git-core;C:/Program Files/Git/mingw64/libexec/git-core;C:\Program Files\Git\mingw64\bin;C:\Program Files\Git\usr\bin;C:\Users\USER\bin;C:\Program Files (x86)\Common Files\Oracle\Java\javapath;C:\WINDOWS\system32;C:\WINDOWS;C:\WINDOWS\System32\Wbem;C:\WINDOWS\System32\WindowsPowerShell\v1.0\;C:\WINDOWS\System32\OpenSSH\;C:\Program Files\nodejs\;C:\Program Files\Java\jdk1.8.0_251bin;C:\Program Files\Git\cmd;C:\Program Files\Calibre2\;C:\Users\USER\AppData\Local\Android\Sdk\platform-tools;C:\Users\USER\AppData\Roaming\npm;"C:\Users\USER\Documents\flutter\bin";C:\Users\USER\AppData\Local\Programs\Microsoft VS Code\bin
USERNAME=USER
DISPLAY=:0.0
OS=Windows_NT
PROCESSOR_IDENTIFIER=Intel64 Family 6 Model 58 Stepping 9, GenuineIntel



---------------  S Y S T E M  ---------------

OS: Windows 10 , 64 bit Build 19041 (10.0.19041.1202)
OS uptime: 1 days 6:47 hours

CPU:total 4 (initial active 4) (2 cores per cpu, 2 threads per core) family 6 model 58 stepping 9, cmov, cx8, fxsr, mmx, sse, sse2, sse3, ssse3, sse4.1, sse4.2, popcnt, avx, aes, clmul, erms, ht, tsc, tscinvbit, tscinv

Memory: 4k page, system-wide physical 8094M (863M free)
TotalPageFile size 16932M (AvailPageFile size 85M)
current process WorkingSet (physical memory assigned to process): 9M, peak: 9M
current process commit charge ("private bytes"): 51M, peak: 179M

vm_info: OpenJDK 64-Bit Server VM (11.0.7+10-b765.65) for windows-amd64 JRE (11.0.7+10-b765.65), built on Jul 13 2020 15:36:30 by "" with MS VC++ 14.0 (VS2015)

END.
